BattlEye for A2
D:D:\Games
D:D:\Games\SteamLibrary
D:D:\Games\SteamLibrary\steamapps
D:D:\Games\SteamLibrary\steamapps\common
D:D:\Games\SteamLibrary\steamapps\common\Arma 2
D:D:\Games\SteamLibrary\steamapps\common\Arma 2\BattlEye
F:D:\Games\SteamLibrary\steamapps\common\Arma 2\BattlEye\BEClient.dll
F:D:\Games\SteamLibrary\steamapps\common\Arma 2\BattlEye\BEServer.dll
F:D:\Games\SteamLibrary\steamapps\common\Arma 2\BattlEye\UninstallBE.csv
F:D:\Games\SteamLibrary\steamapps\common\Arma 2\BattlEye\UnInstallBE.exe
D:C:\Users
D:C:\Users\grave
D:C:\Users\grave\AppData
D:C:\Users\grave\AppData\Roaming
D:C:\Users\grave\AppData\Roaming\Microsoft
D:C:\Users\grave\AppData\Roaming\Microsoft\Windows
D:C:\Users\grave\AppData\Roaming\Microsoft\Windows\Start Menu
D:C:\Users\grave\AppData\Roaming\Microsoft\Windows\Start Menu\Programs
D:C:\Users\grave\AppData\Roaming\Microsoft\Windows\Start Menu\Programs\Bohemia Interactive
D:C:\Users\grave\AppData\Roaming\Microsoft\Windows\Start Menu\Programs\Bohemia Interactive\ArmA 2
D:C:\Users\grave\AppData\Roaming\Microsoft\Windows\Start Menu\Programs\Bohemia Interactive\ArmA 2\BattlEye
F:C:\Users\grave\AppData\Roaming\Microsoft\Windows\Start Menu\Programs\Bohemia Interactive\ArmA 2\BattlEye\Uninstall BattlEye.lnk
K:Software\Microsoft\Windows\CurrentVersion\Uninstall\BattlEye for A2
K:Software\Bohemia Interactive\ArmA 2\BattlEye
F:D:\Games\SteamLibrary\steamapps\common\Arma 2\BattlEye\UnInstallBE.log
